Zilog eZ8 Encore! Macro Assembler Version 2.53 (14010603) 05-Jul-15     23:58:21     page:   1


PC     Object              I  Line    Source 
                           A     1    org 1000h										1000                       A     2    charSet											1000 FFFFFFFF FFFFFFFF     A     3    		byte FFh,FFh,FFh,FFh,FFh,FFh,FFh,FFh,FF
1008 FFFFFFFF 9FFFFFFF 
1010 FFFFFFFF FFFFFFFF 
1018 FFFFFFFF FFFFFFFF 
1020 FFFFFFFF FFFFFFFF 
1028 FFFFFFFF FFFFFFFF 
1030 FFFFFFFF FFFFFFFF 
1038 FFFFFFFF FFFFFFFF 
                           A     4    org 1100h
1100 FFE7FF93 CF7381FF     A     5    		byte FFh,E7h,FFh,93h,CFh,73h,81h,FFh,E7
1108 E7E7FFFF CFFFCF3F 
1110 87030387 F38787CF 
1118 8383FFCF E3FFC7CF 
1120 87330787 0F033F87 
1128 33878F33 03393387 
1130 3FE33387 CF87CF39 
1138 33CF0387 F9E1FF03 
                           A     6    org 1200h
1200 FFFFFF93 073333FF     A     7    		byte FFh,FFh,FFh,93h,07h,33h,33h,FFh,CF
1208 CFF399E7 CFFFCF9F 
1210 33CF9F33 F33333CF 
1218 3939FFE7 CFFFF3FF 
1220 3B333333 273F3F33 
1228 33CF2727 3F393333 
1230 3F872733 CF338711 
1238 33CF3F9F F3F9FFFF 
                           A     8    org 1300h
1300 FFFFFF01 F39F31FF     A     9    		byte FFh,FFh,FFh,01h,F3h,9Fh,31h,FFh,9F
1308 9FF9C3E7 FFFFFFCF 
1310 33CFCFF3 01F333CF 
1318 39F9E7E7 9F83F9CF 
1320 3F33333F 333F3F33 
1328 33CFE70F 3F392333 
1330 3F330FF3 CF333301 
1338 87CF9F9F E7F9FFFF 
                           A    10    org 1400h
1400 FFE7FF93 87CF8FFF     A    11    		byte FFh,E7h,FFh,93h,87h,CFh,8Fh,FFh,9F
1408 9FF90081 FF83FFE7 
1410 13CFE7C7 33F307CF 
1418 8381FFFF 3FFFFCE7 
1420 2303073F 330F0F23 
1428 03CFE71F 3F290333 
1430 07330787 CF333329 
1438 CF87CF9F CFF9BBFF 
                           A    12    org 1500h
1500 FFE79901 3FE787CF     A    13    		byte FFh,E7h,99h,01h,3Fh,E7h,87h,CFh,9F
1508 9FF9C3E7 FFFFFFF3 
1510 238FF3F3 C3073FE7 
1518 3939FFFF 9F83F9F3 
1520 2333333F 333F3F3F 
Zilog eZ8 Encore! Macro Assembler Version 2.53 (14010603) 05-Jul-15     23:58:21     page:   2


PC     Object              I  Line    Source C:\users\koen\MY_D~D41\src\ez8\MONO~MM3\charset.asm
1528 33CFE70F 3F010333 
1530 3333333F CF333339 
1538 8733E79F 9FF993FF 
                           A    14    org 1600h
1600 FFE79993 833333E7     A    15    		byte FFh,E7h,99h,93h,83h,33h,33h,E7h,CF
1608 CFF399E7 FFFFFFF9 
1610 33CF3333 E33F3333 
1618 3939E7E7 CFFFF333 
1620 33873333 273F3F33 
1628 33CFE727 3F111333 
1630 33333333 CF333339 
1638 3333F39F 3FF9C7FF 
                           A    16    org 1700h
1700 FFE79993 CF3B87F3     A    17    		byte FFh,E7h,99h,93h,CFh,3Bh,87h,F3h,E7
1708 E7E7FFFF FFFFFFFF 
1710 87CF8787 F3038703 
1718 8383FFFF E3FFC787 
1720 87CF0787 0F030387 
1728 3387C333 3F393387 
1730 07870787 03333339 
1738 33330387 FFE1EFFF 
                           A    18    
                           A    19    xdef charSet


Errors: 0
Warnings: 0
Lines Assembled: 20
